<?xml version="1.0" encoding="UTF-8"?>
<!-- Generated by org.testng.reporters.JUnitXMLReporter -->
<testsuite hostname="JAY-COMPUTER" ignored="1" name="Default test" tests="1" failures="0" timestamp="23 Feb 2019 00:38:11 GMT" time="53.349" errors="0">
  <testcase name="testinglinksingoogle" time="32.061" classname="com.week9.test.BrokenLikns_TestPractice"/>
  <testcase name="testingScrollToElement" time="0.0" classname="com.week9.test.BrokenLikns_TestPractice">
    <ignored/>
  </testcase> <!-- testingScrollToElement -->
</testsuite> <!-- Default test -->
